\BOOKMARK [1][-]{section.1}{\376\377\000I\000n\000t\000r\000o\000d\000u\000c\000t\000i\000o\000n}{}% 1
\BOOKMARK [1][-]{section.2}{\376\377\000L\000i\000t\000e\000r\000a\000t\000u\000r\000e\000\040\000R\000e\000v\000i\000e\000w}{}% 2
\BOOKMARK [2][-]{subsection.2.1}{\376\377\000A\000n\000\040\000I\000n\000t\000r\000o\000d\000u\000c\000t\000i\000o\000n\000\040\000t\000o\000\040\000G\000r\000a\000p\000h\000s\000,\000\040\000G\000r\000a\000p\000h\000\040\000S\000i\000g\000n\000a\000l\000s\000,\000\040\000a\000n\000d\000\040\000G\000r\000a\000p\000h\000\040\000S\000p\000e\000c\000t\000r\000a}{section.2}% 3
\BOOKMARK [2][-]{subsection.2.2}{\376\377\000G\000r\000a\000p\000h\000\040\000P\000r\000o\000d\000u\000c\000t\000s\000\040\000a\000n\000d\000\040\000F\000a\000s\000t\000\040\000G\000F\000T\000s}{section.2}% 4
\BOOKMARK [3][-]{subsubsection.2.2.1}{\376\377\000A\000p\000p\000l\000i\000c\000a\000t\000i\000o\000n\000\040\000t\000o\000\040\000C\000o\000m\000p\000r\000e\000s\000s\000i\000o\000n\000\040\000P\000r\000o\000b\000l\000e\000m\000s}{subsection.2.2}% 5
\BOOKMARK [2][-]{subsection.2.3}{\376\377\000G\000r\000a\000p\000h\000\040\000W\000i\000n\000d\000o\000w\000i\000n\000g\000\040\000a\000n\000d\000\040\000C\000o\000n\000v\000o\000l\000u\000t\000i\000o\000n\000\040\000w\000i\000t\000h\000\040\000t\000h\000e\000\040\000G\000F\000T}{section.2}% 6
\BOOKMARK [2][-]{subsection.2.4}{\376\377\000T\000e\000m\000p\000o\000r\000a\000l\000\040\000S\000t\000o\000c\000h\000a\000s\000t\000i\000c\000\040\000P\000r\000o\000c\000e\000s\000s\000e\000s\000;\000\040\000P\000r\000e\000d\000i\000c\000t\000i\000v\000e\000\040\000F\000i\000l\000t\000e\000r\000s}{section.2}% 7
\BOOKMARK [2][-]{subsection.2.5}{\376\377\000C\000o\000n\000t\000i\000n\000u\000o\000u\000s\000-\000D\000o\000m\000a\000i\000n\000\040\000S\000p\000a\000t\000i\000a\000l\000\040\000S\000t\000o\000c\000h\000a\000s\000t\000i\000c\000\040\000P\000r\000o\000c\000e\000s\000s\000e\000s}{section.2}% 8
\BOOKMARK [3][-]{subsubsection.2.5.1}{\376\377\000T\000h\000e\000\040\000M\000a\000t\000\351\000r\000n\000\040\000K\000e\000r\000n\000e\000l}{subsection.2.5}% 9
\BOOKMARK [3][-]{subsubsection.2.5.2}{\376\377\000K\000r\000i\000g\000i\000n\000g}{subsection.2.5}% 10
\BOOKMARK [2][-]{subsection.2.6}{\376\377\000L\000e\000a\000s\000t\000\040\000S\000q\000u\000a\000r\000e\000s\000\040\000E\000s\000t\000i\000m\000a\000t\000i\000o\000n}{section.2}% 11
\BOOKMARK [3][-]{subsubsection.2.6.1}{\376\377\000L\000i\000n\000e\000a\000r\000\040\000R\000e\000g\000r\000e\000s\000s\000i\000o\000n}{subsection.2.6}% 12
\BOOKMARK [3][-]{subsubsection.2.6.2}{\376\377\000T\000h\000e\000\040\000W\000i\000e\000n\000e\000r\000\040\000F\000i\000l\000t\000e\000r}{subsection.2.6}% 13
\BOOKMARK [1][-]{section.3}{\376\377\000P\000r\000e\000l\000i\000m\000i\000n\000a\000r\000y\000\040\000W\000o\000r\000k}{}% 14
\BOOKMARK [2][-]{subsection.3.1}{\376\377\000B\000u\000r\000e\000a\000u\000\040\000o\000f\000\040\000M\000e\000t\000e\000o\000r\000o\000l\000o\000g\000y\000\040\000A\000C\000O\000R\000N\000\040\000S\000A\000T\000\040\000d\000a\000t\000a\000s\000e\000t}{section.3}% 15
\BOOKMARK [2][-]{subsection.3.2}{\376\377\000E\000f\000f\000i\000c\000i\000e\000n\000t\000\040\000L\000o\000s\000s\000y\000\040\000C\000o\000m\000p\000r\000e\000s\000s\000i\000o\000n\000\040\000I\000m\000p\000l\000e\000m\000e\000n\000t\000a\000t\000i\000o\000n}{section.3}% 16
\BOOKMARK [2][-]{subsection.3.3}{\376\377\000T\000e\000m\000p\000o\000r\000a\000l\000\040\000P\000r\000e\000d\000i\000c\000t\000i\000v\000e\000\040\000F\000i\000l\000t\000e\000r\000s}{section.3}% 17
\BOOKMARK [3][-]{subsubsection.3.3.1}{\376\377\000E\000x\000p\000l\000i\000c\000i\000t\000\040\000S\000e\000a\000s\000o\000n\000a\000l\000i\000t\000y\000\040\000M\000o\000d\000e\000l\000l\000i\000n\000g}{subsection.3.3}% 18
\BOOKMARK [3][-]{subsubsection.3.3.2}{\376\377\000D\000i\000f\000f\000e\000r\000e\000n\000c\000i\000n\000g}{subsection.3.3}% 19
\BOOKMARK [3][-]{subsubsection.3.3.3}{\376\377\000G\000e\000o\000g\000r\000a\000p\000h\000i\000c\000a\000l\000\040\000A\000n\000a\000l\000y\000s\000i\000s}{subsection.3.3}% 20
\BOOKMARK [3][-]{subsubsection.3.3.4}{\376\377\000A\000u\000t\000o\000r\000e\000g\000r\000e\000s\000s\000i\000o\000n}{subsection.3.3}% 21
\BOOKMARK [3][-]{subsubsection.3.3.5}{\376\377\000S\000k\000e\000w\000\040\000A\000d\000j\000u\000s\000t\000m\000e\000n\000t}{subsection.3.3}% 22
\BOOKMARK [2][-]{subsection.3.4}{\376\377\000S\000p\000a\000t\000i\000a\000l\000\040\000A\000u\000t\000o\000r\000e\000g\000r\000e\000s\000s\000i\000v\000e\000\040\000P\000r\000o\000c\000e\000s\000s\000e\000s}{section.3}% 23
\BOOKMARK [3][-]{subsubsection.3.4.1}{\376\377\000M\000o\000d\000e\000l\000l\000i\000n\000g}{subsection.3.4}% 24
\BOOKMARK [3][-]{subsubsection.3.4.2}{\376\377\000C\000o\000n\000n\000e\000c\000t\000i\000o\000n\000\040\000t\000o\000\040\000t\000h\000e\000\040\000M\000a\000t\000\351\000r\000n\000\040\000K\000e\000r\000n\000e\000l}{subsection.3.4}% 25
\BOOKMARK [3][-]{subsubsection.3.4.3}{\376\377\000T\000h\000e\000\040\0001\000D\000\040\000C\000o\000r\000r\000e\000l\000a\000t\000i\000o\000n\000\040\000F\000u\000n\000c\000t\000i\000o\000n}{subsection.3.4}% 26
\BOOKMARK [3][-]{subsubsection.3.4.4}{\376\377\000N\000u\000m\000e\000r\000i\000c\000a\000l\000\040\000C\000o\000n\000f\000i\000r\000m\000a\000t\000i\000o\000n}{subsection.3.4}% 27
\BOOKMARK [3][-]{subsubsection.3.4.5}{\376\377\000K\000r\000i\000g\000i\000n\000g}{subsection.3.4}% 28
\BOOKMARK [3][-]{subsubsection.3.4.6}{\376\377\000L\000i\000m\000i\000t\000a\000t\000i\000o\000n\000s\000\040\000o\000f\000\040\000t\000h\000e\000\040\000M\000a\000t\000\351\000r\000n\000\040\000K\000e\000r\000n\000e\000l}{subsection.3.4}% 29
\BOOKMARK [2][-]{subsection.3.5}{\376\377\000D\000e\000t\000e\000r\000m\000i\000n\000i\000s\000t\000i\000c\000\040\000G\000r\000a\000p\000h\000\040\000F\000i\000l\000t\000e\000r\000s}{section.3}% 30
\BOOKMARK [3][-]{subsubsection.3.5.1}{\376\377\000I\000n\000t\000r\000o\000d\000u\000c\000t\000i\000o\000n}{subsection.3.5}% 31
\BOOKMARK [3][-]{subsubsection.3.5.2}{\376\377\000W\000e\000l\000l\000-\000C\000h\000o\000s\000e\000n\000\040\000G\000r\000a\000p\000h\000\040\000F\000o\000u\000r\000i\000e\000r\000\040\000T\000r\000a\000n\000s\000f\000o\000r\000m\000s}{subsection.3.5}% 32
\BOOKMARK [3][-]{subsubsection.3.5.3}{\376\377\000E\000m\000p\000i\000r\000i\000c\000a\000l\000\040\000R\000e\000s\000u\000l\000t\000s\000\040\000A\000c\000r\000o\000s\000s\000\040\000G\000F\000T\000s}{subsection.3.5}% 33
\BOOKMARK [1][-]{section.4}{\376\377\000T\000r\000i\000m\000e\000s\000t\000e\000r\000\040\000T\000w\000o\000\040\000P\000r\000o\000g\000r\000e\000s\000s\000\040\000U\000p\000d\000a\000t\000e}{}% 34
\BOOKMARK [2][-]{subsection.4.1}{\376\377\000M\000o\000d\000e\000l\000\040\000S\000e\000l\000e\000c\000t\000i\000o\000n\000\040\000w\000i\000t\000h\000\040\000B\000I\000C}{section.4}% 35
\BOOKMARK [2][-]{subsection.4.2}{\376\377\000T\000h\000e\000\040\000V\000A\000R\000\050\000p\000\051\000\040\000m\000o\000d\000e\000l}{section.4}% 36
\BOOKMARK [2][-]{subsection.4.3}{\376\377\000R\000e\000g\000u\000l\000a\000r\000i\000s\000a\000t\000i\000o\000n\000\040\000a\000s\000\040\000G\000r\000a\000p\000h\000\040\000S\000e\000l\000e\000c\000t\000i\000o\000n}{section.4}% 37
\BOOKMARK [3][-]{subsubsection.4.3.1}{\376\377\000L\000a\000s\000s\000o\000\040\000R\000e\000g\000r\000e\000s\000s\000i\000o\000n}{subsection.4.3}% 38
\BOOKMARK [3][-]{subsubsection.4.3.2}{\376\377\000l\0000\000\040\000R\000e\000g\000u\000l\000a\000r\000i\000s\000a\000t\000i\000o\000n}{subsection.4.3}% 39
\BOOKMARK [3][-]{subsubsection.4.3.3}{\376\377\000M\000a\000s\000k\000i\000n\000g}{subsection.4.3}% 40
\BOOKMARK [2][-]{subsection.4.4}{\376\377\000D\000y\000n\000a\000m\000i\000c\000\040\000M\000o\000d\000e\000l\000l\000i\000n\000g\000\040\000w\000i\000t\000h\000\040\000S\000G\000D}{section.4}% 41
\BOOKMARK [3][-]{subsubsection.4.4.1}{\376\377\000I\000m\000p\000l\000i\000c\000i\000t\000\040\000U\000p\000d\000a\000t\000e\000s}{subsection.4.4}% 42
\BOOKMARK [1][-]{section.5}{\376\377\000R\000e\000f\000l\000e\000c\000t\000i\000o\000n}{}% 43
\BOOKMARK [1][-]{section.6}{\376\377\000R\000e\000v\000i\000s\000e\000d\000\040\000P\000r\000o\000j\000e\000c\000t\000\040\000P\000l\000a\000n}{}% 44
\BOOKMARK [1][-]{section*.6}{\376\377\000B\000i\000b\000l\000i\000o\000g\000r\000a\000p\000h\000y}{}% 45
